<?xml version="1.0" encoding="UTF-8"?>
<!-- Generated by org.testng.reporters.JUnitXMLReporter -->
<testsuite hostname="GGN000190162001" ignored="0" name="Test" tests="1" failures="1" timestamp="14 Dec 2019 04:14:40 GMT" time="17.752" errors="0">
  <testcase name="searchRedBus" time="0.015" classname="TestCase.RedBusTestCase">
    <failure type="java.lang.AssertionError">
      <![CDATA[java.lang.AssertionError
at org.junit.Assert.fail(Assert.java:92)
at org.junit.Assert.assertTrue(Assert.java:43)
at org.junit.Assert.assertTrue(Assert.java:54)
at TestCase.RedBusTestCase.searchRedBus(RedBusTestCase.java:28)
... Removed 25 stack frames]]>
    </failure>
  </testcase> <!-- searchRedBus -->
</testsuite> <!-- Test -->
